The system is: Linux - 5.4.0-173-generic - x86_64
Compiling the C compiler identification source file "CMakeCCompilerId.c" succeeded.
Compiler: /lusr/bin/gcc-11 
Build flags: 
Id flags:  

The output was:
0


Compilation of the C compiler identification source "CMakeCCompilerId.c" produced "a.out"

The C compiler identification is GNU, found in "/u/yangm/cs429/GarbageCollector/build/CMakeFiles/3.16.3/CompilerIdC/a.out"

Compiling the CXX compiler identification source file "CMakeCXXCompilerId.cpp" succeeded.
Compiler: /lusr/bin/g++-11 
Build flags: 
Id flags:  

The output was:
0


Compilation of the CXX compiler identification source "CMakeCXXCompilerId.cpp" produced "a.out"

The CXX compiler identification is GNU, found in "/u/yangm/cs429/GarbageCollector/build/CMakeFiles/3.16.3/CompilerIdCXX/a.out"

Determining if the C compiler works passed with the following output:
Change Dir: /u/yangm/cs429/GarbageCollector/build/CMakeFiles/CMakeTmp

Run Build Command(s):/usr/bin/ninja cmTC_b8ff9 && [1/2] Building C object CMakeFiles/cmTC_b8ff9.dir/testCCompiler.c.o
[2/2] Linking C executable cmTC_b8ff9



Detecting C compiler ABI info compiled with the following output:
Change Dir: /u/yangm/cs429/GarbageCollector/build/CMakeFiles/CMakeTmp

Run Build Command(s):/usr/bin/ninja cmTC_001a2 && [1/2] Building C object CMakeFiles/cmTC_001a2.dir/CMakeCCompilerABI.c.o
Using built-in specs.
COLLECT_GCC=gcc-11
Target: x86_64-pc-linux-gnu
Configured with: ./configure --prefix=/lusr/opt/gcc-11.1.0 --disable-multilib --enable-languages=c,c++,fortran,lto,objc --program-suffix=-11
Thread model: posix
Supported LTO compression algorithms: zlib
gcc version 11.1.0 (GCC) 
COLLECT_GCC_OPTIONS='-v' '-o' 'CMakeFiles/cmTC_001a2.dir/CMakeCCompilerABI.c.o' '-c' '-mtune=generic' '-march=x86-64' '-dumpdir' 'CMakeFiles/cmTC_001a2.dir/'
 /lusr/opt/gcc-11.1.0/libexec/gcc/x86_64-pc-linux-gnu/11.1.0/cc1 -quiet -v -imultiarch x86_64-linux-gnu /usr/share/cmake-3.16/Modules/CMakeCCompilerABI.c -quiet -dumpdir CMakeFiles/cmTC_001a2.dir/ -dumpbase CMakeCCompilerABI.c.c -dumpbase-ext .c -mtune=generic -march=x86-64 -version -o /tmp/ccfcVCvK.s
GNU C17 (GCC) version 11.1.0 (x86_64-pc-linux-gnu)
	compiled by GNU C version 11.1.0, GMP version 6.1.2, MPFR version 4.0.1, MPC version 1.1.0, isl version none
warning: GMP header version 6.1.2 differs from library version 6.2.0.
warning: MPFR header version 4.0.1 differs from library version 4.0.2.
GGC heuristics: --param ggc-min-expand=100 --param ggc-min-heapsize=131072
ignoring nonexistent directory "/usr/local/include/x86_64-linux-gnu"
ignoring nonexistent directory "/lusr/opt/gcc-11.1.0/lib/gcc/x86_64-pc-linux-gnu/11.1.0/../../../../x86_64-pc-linux-gnu/include"
#include "..." search starts here:
#include <...> search starts here:
 /lusr/opt/gcc-11.1.0/lib/gcc/x86_64-pc-linux-gnu/11.1.0/include
 /usr/local/include
 /lusr/opt/gcc-11.1.0/include
 /lusr/opt/gcc-11.1.0/lib/gcc/x86_64-pc-linux-gnu/11.1.0/include-fixed
 /usr/include/x86_64-linux-gnu
 /usr/include
End of search list.
GNU C17 (GCC) version 11.1.0 (x86_64-pc-linux-gnu)
	compiled by GNU C version 11.1.0, GMP version 6.1.2, MPFR version 4.0.1, MPC version 1.1.0, isl version none
warning: GMP header version 6.1.2 differs from library version 6.2.0.
warning: MPFR header version 4.0.1 differs from library version 4.0.2.
GGC heuristics: --param ggc-min-expand=100 --param ggc-min-heapsize=131072
Compiler executable checksum: a1f7ed24216c532ee1da4039b745554a
COLLECT_GCC_OPTIONS='-v' '-o' 'CMakeFiles/cmTC_001a2.dir/CMakeCCompilerABI.c.o' '-c' '-mtune=generic' '-march=x86-64' '-dumpdir' 'CMakeFiles/cmTC_001a2.dir/'
 as -v --64 -o CMakeFiles/cmTC_001a2.dir/CMakeCCompilerABI.c.o /tmp/ccfcVCvK.s
GNU assembler version 2.34 (x86_64-linux-gnu) using BFD version (GNU Binutils for Ubuntu) 2.34
COMPILER_PATH=/lusr/opt/gcc-11.1.0/libexec/gcc/x86_64-pc-linux-gnu/11.1.0/:/lusr/opt/gcc-11.1.0/libexec/gcc/x86_64-pc-linux-gnu/11.1.0/:/lusr/opt/gcc-11.1.0/libexec/gcc/x86_64-pc-linux-gnu/:/lusr/opt/gcc-11.1.0/lib/gcc/x86_64-pc-linux-gnu/11.1.0/:/lusr/opt/gcc-11.1.0/lib/gcc/x86_64-pc-linux-gnu/
LIBRARY_PATH=/lusr/opt/gcc-11.1.0/lib/gcc/x86_64-pc-linux-gnu/11.1.0/:/lusr/opt/gcc-11.1.0/lib/gcc/x86_64-pc-linux-gnu/11.1.0/../../../../lib64/:/lib/x86_64-linux-gnu/:/lib/../lib64/:/usr/lib/x86_64-linux-gnu/:/usr/lib/../lib64/:/lusr/opt/gcc-11.1.0/lib/gcc/x86_64-pc-linux-gnu/11.1.0/../../../:/lib/:/usr/lib/
COLLECT_GCC_OPTIONS='-v' '-o' 'CMakeFiles/cmTC_001a2.dir/CMakeCCompilerABI.c.o' '-c' '-mtune=generic' '-march=x86-64' '-dumpdir' 'CMakeFiles/cmTC_001a2.dir/CMakeCCompilerABI.c.'
[2/2] Linking C executable cmTC_001a2
Using built-in specs.
COLLECT_GCC=gcc-11
COLLECT_LTO_WRAPPER=/lusr/opt/gcc-11.1.0/libexec/gcc/x86_64-pc-linux-gnu/11.1.0/lto-wrapper
Target: x86_64-pc-linux-gnu
Configured with: ./configure --prefix=/lusr/opt/gcc-11.1.0 --disable-multilib --enable-languages=c,c++,fortran,lto,objc --program-suffix=-11
Thread model: posix
Supported LTO compression algorithms: zlib
gcc version 11.1.0 (GCC) 
COMPILER_PATH=/lusr/opt/gcc-11.1.0/libexec/gcc/x86_64-pc-linux-gnu/11.1.0/:/lusr/opt/gcc-11.1.0/libexec/gcc/x86_64-pc-linux-gnu/11.1.0/:/lusr/opt/gcc-11.1.0/libexec/gcc/x86_64-pc-linux-gnu/:/lusr/opt/gcc-11.1.0/lib/gcc/x86_64-pc-linux-gnu/11.1.0/:/lusr/opt/gcc-11.1.0/lib/gcc/x86_64-pc-linux-gnu/
LIBRARY_PATH=/lusr/opt/gcc-11.1.0/lib/gcc/x86_64-pc-linux-gnu/11.1.0/:/lusr/opt/gcc-11.1.0/lib/gcc/x86_64-pc-linux-gnu/11.1.0/../../../../lib64/:/lib/x86_64-linux-gnu/:/lib/../lib64/:/usr/lib/x86_64-linux-gnu/:/usr/lib/../lib64/:/lusr/opt/gcc-11.1.0/lib/gcc/x86_64-pc-linux-gnu/11.1.0/../../../:/lib/:/usr/lib/
COLLECT_GCC_OPTIONS='-v' '-o' 'cmTC_001a2' '-mtune=generic' '-march=x86-64' '-dumpdir' 'cmTC_001a2.'
 /lusr/opt/gcc-11.1.0/libexec/gcc/x86_64-pc-linux-gnu/11.1.0/collect2 -plugin /lusr/opt/gcc-11.1.0/libexec/gcc/x86_64-pc-linux-gnu/11.1.0/liblto_plugin.so -plugin-opt=/lusr/opt/gcc-11.1.0/libexec/gcc/x86_64-pc-linux-gnu/11.1.0/lto-wrapper -plugin-opt=-fresolution=/tmp/ccSlRwn1.res -plugin-opt=-pass-through=-lgcc -plugin-opt=-pass-through=-lgcc_s -plugin-opt=-pass-through=-lc -plugin-opt=-pass-through=-lgcc -plugin-opt=-pass-through=-lgcc_s --eh-frame-hdr -m elf_x86_64 -dynamic-linker /lib64/ld-linux-x86-64.so.2 -o cmTC_001a2 /lib/x86_64-linux-gnu/crt1.o /lib/x86_64-linux-gnu/crti.o /lusr/opt/gcc-11.1.0/lib/gcc/x86_64-pc-linux-gnu/11.1.0/crtbegin.o -L/lusr/opt/gcc-11.1.0/lib/gcc/x86_64-pc-linux-gnu/11.1.0 -L/lusr/opt/gcc-11.1.0/lib/gcc/x86_64-pc-linux-gnu/11.1.0/../../../../lib64 -L/lib/x86_64-linux-gnu -L/lib/../lib64 -L/usr/lib/x86_64-linux-gnu -L/usr/lib/../lib64 -L/lusr/opt/gcc-11.1.0/lib/gcc/x86_64-pc-linux-gnu/11.1.0/../../.. CMakeFiles/cmTC_001a2.dir/CMakeCCompilerABI.c.o -lgcc --push-state --as-needed -lgcc_s --pop-state -lc -lgcc --push-state --as-needed -lgcc_s --pop-state /lusr/opt/gcc-11.1.0/lib/gcc/x86_64-pc-linux-gnu/11.1.0/crtend.o /lib/x86_64-linux-gnu/crtn.o
COLLECT_GCC_OPTIONS='-v' '-o' 'cmTC_001a2' '-mtune=generic' '-march=x86-64' '-dumpdir' 'cmTC_001a2.'



Parsed C implicit include dir info from above output: rv=done
  found start of include info
  found start of implicit include info
    add: [/lusr/opt/gcc-11.1.0/lib/gcc/x86_64-pc-linux-gnu/11.1.0/include]
    add: [/usr/local/include]
    add: [/lusr/opt/gcc-11.1.0/include]
    add: [/lusr/opt/gcc-11.1.0/lib/gcc/x86_64-pc-linux-gnu/11.1.0/include-fixed]
    add: [/usr/include/x86_64-linux-gnu]
    add: [/usr/include]
  end of search list found
  collapse include dir [/lusr/opt/gcc-11.1.0/lib/gcc/x86_64-pc-linux-gnu/11.1.0/include] ==> [/lusr/opt/gcc-11.1.0/lib/gcc/x86_64-pc-linux-gnu/11.1.0/include]
  collapse include dir [/usr/local/include] ==> [/usr/local/include]
  collapse include dir [/lusr/opt/gcc-11.1.0/include] ==> [/lusr/opt/gcc-11.1.0/include]
  collapse include dir [/lusr/opt/gcc-11.1.0/lib/gcc/x86_64-pc-linux-gnu/11.1.0/include-fixed] ==> [/lusr/opt/gcc-11.1.0/lib/gcc/x86_64-pc-linux-gnu/11.1.0/include-fixed]
  collapse include dir [/usr/include/x86_64-linux-gnu] ==> [/usr/include/x86_64-linux-gnu]
  collapse include dir [/usr/include] ==> [/usr/include]
  implicit include dirs: [/lusr/opt/gcc-11.1.0/lib/gcc/x86_64-pc-linux-gnu/11.1.0/include;/usr/local/include;/lusr/opt/gcc-11.1.0/include;/lusr/opt/gcc-11.1.0/lib/gcc/x86_64-pc-linux-gnu/11.1.0/include-fixed;/usr/include/x86_64-linux-gnu;/usr/include]


Parsed C implicit link information from above output:
  link line regex: [^( *|.*[/\])(ld|CMAKE_LINK_STARTFILE-NOTFOUND|([^/\]+-)?ld|collect2)[^/\]*( |$)]
  ignore line: [Change Dir: /u/yangm/cs429/GarbageCollector/build/CMakeFiles/CMakeTmp]
  ignore line: []
  ignore line: [Run Build Command(s):/usr/bin/ninja cmTC_001a2 && [1/2] Building C object CMakeFiles/cmTC_001a2.dir/CMakeCCompilerABI.c.o]
  ignore line: [Using built-in specs.]
  ignore line: [COLLECT_GCC=gcc-11]
  ignore line: [Target: x86_64-pc-linux-gnu]
  ignore line: [Configured with: ./configure --prefix=/lusr/opt/gcc-11.1.0 --disable-multilib --enable-languages=c c++ fortran lto objc --program-suffix=-11]
  ignore line: [Thread model: posix]
  ignore line: [Supported LTO compression algorithms: zlib]
  ignore line: [gcc version 11.1.0 (GCC) ]
  ignore line: [COLLECT_GCC_OPTIONS='-v' '-o' 'CMakeFiles/cmTC_001a2.dir/CMakeCCompilerABI.c.o' '-c' '-mtune=generic' '-march=x86-64' '-dumpdir' 'CMakeFiles/cmTC_001a2.dir/']
  ignore line: [ /lusr/opt/gcc-11.1.0/libexec/gcc/x86_64-pc-linux-gnu/11.1.0/cc1 -quiet -v -imultiarch x86_64-linux-gnu /usr/share/cmake-3.16/Modules/CMakeCCompilerABI.c -quiet -dumpdir CMakeFiles/cmTC_001a2.dir/ -dumpbase CMakeCCompilerABI.c.c -dumpbase-ext .c -mtune=generic -march=x86-64 -version -o /tmp/ccfcVCvK.s]
  ignore line: [GNU C17 (GCC) version 11.1.0 (x86_64-pc-linux-gnu)]
  ignore line: [	compiled by GNU C version 11.1.0  GMP version 6.1.2  MPFR version 4.0.1  MPC version 1.1.0  isl version none]
  ignore line: [warning: GMP header version 6.1.2 differs from library version 6.2.0.]
  ignore line: [warning: MPFR header version 4.0.1 differs from library version 4.0.2.]
  ignore line: [GGC heuristics: --param ggc-min-expand=100 --param ggc-min-heapsize=131072]
  ignore line: [ignoring nonexistent directory "/usr/local/include/x86_64-linux-gnu"]
  ignore line: [ignoring nonexistent directory "/lusr/opt/gcc-11.1.0/lib/gcc/x86_64-pc-linux-gnu/11.1.0/../../../../x86_64-pc-linux-gnu/include"]
  ignore line: [#include "..." search starts here:]
  ignore line: [#include <...> search starts here:]
  ignore line: [ /lusr/opt/gcc-11.1.0/lib/gcc/x86_64-pc-linux-gnu/11.1.0/include]
  ignore line: [ /usr/local/include]
  ignore line: [ /lusr/opt/gcc-11.1.0/include]
  ignore line: [ /lusr/opt/gcc-11.1.0/lib/gcc/x86_64-pc-linux-gnu/11.1.0/include-fixed]
  ignore line: [ /usr/include/x86_64-linux-gnu]
  ignore line: [ /usr/include]
  ignore line: [End of search list.]
  ignore line: [GNU C17 (GCC) version 11.1.0 (x86_64-pc-linux-gnu)]
  ignore line: [	compiled by GNU C version 11.1.0  GMP version 6.1.2  MPFR version 4.0.1  MPC version 1.1.0  isl version none]
  ignore line: [warning: GMP header version 6.1.2 differs from library version 6.2.0.]
  ignore line: [warning: MPFR header version 4.0.1 differs from library version 4.0.2.]
  ignore line: [GGC heuristics: --param ggc-min-expand=100 --param ggc-min-heapsize=131072]
  ignore line: [Compiler executable checksum: a1f7ed24216c532ee1da4039b745554a]
  ignore line: [COLLECT_GCC_OPTIONS='-v' '-o' 'CMakeFiles/cmTC_001a2.dir/CMakeCCompilerABI.c.o' '-c' '-mtune=generic' '-march=x86-64' '-dumpdir' 'CMakeFiles/cmTC_001a2.dir/']
  ignore line: [ as -v --64 -o CMakeFiles/cmTC_001a2.dir/CMakeCCompilerABI.c.o /tmp/ccfcVCvK.s]
  ignore line: [GNU assembler version 2.34 (x86_64-linux-gnu) using BFD version (GNU Binutils for Ubuntu) 2.34]
  ignore line: [COMPILER_PATH=/lusr/opt/gcc-11.1.0/libexec/gcc/x86_64-pc-linux-gnu/11.1.0/:/lusr/opt/gcc-11.1.0/libexec/gcc/x86_64-pc-linux-gnu/11.1.0/:/lusr/opt/gcc-11.1.0/libexec/gcc/x86_64-pc-linux-gnu/:/lusr/opt/gcc-11.1.0/lib/gcc/x86_64-pc-linux-gnu/11.1.0/:/lusr/opt/gcc-11.1.0/lib/gcc/x86_64-pc-linux-gnu/]
  ignore line: [LIBRARY_PATH=/lusr/opt/gcc-11.1.0/lib/gcc/x86_64-pc-linux-gnu/11.1.0/:/lusr/opt/gcc-11.1.0/lib/gcc/x86_64-pc-linux-gnu/11.1.0/../../../../lib64/:/lib/x86_64-linux-gnu/:/lib/../lib64/:/usr/lib/x86_64-linux-gnu/:/usr/lib/../lib64/:/lusr/opt/gcc-11.1.0/lib/gcc/x86_64-pc-linux-gnu/11.1.0/../../../:/lib/:/usr/lib/]
  ignore line: [COLLECT_GCC_OPTIONS='-v' '-o' 'CMakeFiles/cmTC_001a2.dir/CMakeCCompilerABI.c.o' '-c' '-mtune=generic' '-march=x86-64' '-dumpdir' 'CMakeFiles/cmTC_001a2.dir/CMakeCCompilerABI.c.']
  ignore line: [[2/2] Linking C executable cmTC_001a2]
  ignore line: [Using built-in specs.]
  ignore line: [COLLECT_GCC=gcc-11]
  ignore line: [COLLECT_LTO_WRAPPER=/lusr/opt/gcc-11.1.0/libexec/gcc/x86_64-pc-linux-gnu/11.1.0/lto-wrapper]
  ignore line: [Target: x86_64-pc-linux-gnu]
  ignore line: [Configured with: ./configure --prefix=/lusr/opt/gcc-11.1.0 --disable-multilib --enable-languages=c c++ fortran lto objc --program-suffix=-11]
  ignore line: [Thread model: posix]
  ignore line: [Supported LTO compression algorithms: zlib]
  ignore line: [gcc version 11.1.0 (GCC) ]
  ignore line: [COMPILER_PATH=/lusr/opt/gcc-11.1.0/libexec/gcc/x86_64-pc-linux-gnu/11.1.0/:/lusr/opt/gcc-11.1.0/libexec/gcc/x86_64-pc-linux-gnu/11.1.0/:/lusr/opt/gcc-11.1.0/libexec/gcc/x86_64-pc-linux-gnu/:/lusr/opt/gcc-11.1.0/lib/gcc/x86_64-pc-linux-gnu/11.1.0/:/lusr/opt/gcc-11.1.0/lib/gcc/x86_64-pc-linux-gnu/]
  ignore line: [LIBRARY_PATH=/lusr/opt/gcc-11.1.0/lib/gcc/x86_64-pc-linux-gnu/11.1.0/:/lusr/opt/gcc-11.1.0/lib/gcc/x86_64-pc-linux-gnu/11.1.0/../../../../lib64/:/lib/x86_64-linux-gnu/:/lib/../lib64/:/usr/lib/x86_64-linux-gnu/:/usr/lib/../lib64/:/lusr/opt/gcc-11.1.0/lib/gcc/x86_64-pc-linux-gnu/11.1.0/../../../:/lib/:/usr/lib/]
  ignore line: [COLLECT_GCC_OPTIONS='-v' '-o' 'cmTC_001a2' '-mtune=generic' '-march=x86-64' '-dumpdir' 'cmTC_001a2.']
  link line: [ /lusr/opt/gcc-11.1.0/libexec/gcc/x86_64-pc-linux-gnu/11.1.0/collect2 -plugin /lusr/opt/gcc-11.1.0/libexec/gcc/x86_64-pc-linux-gnu/11.1.0/liblto_plugin.so -plugin-opt=/lusr/opt/gcc-11.1.0/libexec/gcc/x86_64-pc-linux-gnu/11.1.0/lto-wrapper -plugin-opt=-fresolution=/tmp/ccSlRwn1.res -plugin-opt=-pass-through=-lgcc -plugin-opt=-pass-through=-lgcc_s -plugin-opt=-pass-through=-lc -plugin-opt=-pass-through=-lgcc -plugin-opt=-pass-through=-lgcc_s --eh-frame-hdr -m elf_x86_64 -dynamic-linker /lib64/ld-linux-x86-64.so.2 -o cmTC_001a2 /lib/x86_64-linux-gnu/crt1.o /lib/x86_64-linux-gnu/crti.o /lusr/opt/gcc-11.1.0/lib/gcc/x86_64-pc-linux-gnu/11.1.0/crtbegin.o -L/lusr/opt/gcc-11.1.0/lib/gcc/x86_64-pc-linux-gnu/11.1.0 -L/lusr/opt/gcc-11.1.0/lib/gcc/x86_64-pc-linux-gnu/11.1.0/../../../../lib64 -L/lib/x86_64-linux-gnu -L/lib/../lib64 -L/usr/lib/x86_64-linux-gnu -L/usr/lib/../lib64 -L/lusr/opt/gcc-11.1.0/lib/gcc/x86_64-pc-linux-gnu/11.1.0/../../.. CMakeFiles/cmTC_001a2.dir/CMakeCCompilerABI.c.o -lgcc --push-state --as-needed -lgcc_s --pop-state -lc -lgcc --push-state --as-needed -lgcc_s --pop-state /lusr/opt/gcc-11.1.0/lib/gcc/x86_64-pc-linux-gnu/11.1.0/crtend.o /lib/x86_64-linux-gnu/crtn.o]
    arg [/lusr/opt/gcc-11.1.0/libexec/gcc/x86_64-pc-linux-gnu/11.1.0/collect2] ==> ignore
    arg [-plugin] ==> ignore
    arg [/lusr/opt/gcc-11.1.0/libexec/gcc/x86_64-pc-linux-gnu/11.1.0/liblto_plugin.so] ==> ignore
    arg [-plugin-opt=/lusr/opt/gcc-11.1.0/libexec/gcc/x86_64-pc-linux-gnu/11.1.0/lto-wrapper] ==> ignore
    arg [-plugin-opt=-fresolution=/tmp/ccSlRwn1.res] ==> ignore
    arg [-plugin-opt=-pass-through=-lgcc] ==> ignore
    arg [-plugin-opt=-pass-through=-lgcc_s] ==> ignore
    arg [-plugin-opt=-pass-through=-lc] ==> ignore
    arg [-plugin-opt=-pass-through=-lgcc] ==> ignore
    arg [-plugin-opt=-pass-through=-lgcc_s] ==> ignore
    arg [--eh-frame-hdr] ==> ignore
    arg [-m] ==> ignore
    arg [elf_x86_64] ==> ignore
    arg [-dynamic-linker] ==> ignore
    arg [/lib64/ld-linux-x86-64.so.2] ==> ignore
    arg [-o] ==> ignore
    arg [cmTC_001a2] ==> ignore
    arg [/lib/x86_64-linux-gnu/crt1.o] ==> ignore
    arg [/lib/x86_64-linux-gnu/crti.o] ==> ignore
    arg [/lusr/opt/gcc-11.1.0/lib/gcc/x86_64-pc-linux-gnu/11.1.0/crtbegin.o] ==> ignore
    arg [-L/lusr/opt/gcc-11.1.0/lib/gcc/x86_64-pc-linux-gnu/11.1.0] ==> dir [/lusr/opt/gcc-11.1.0/lib/gcc/x86_64-pc-linux-gnu/11.1.0]
    arg [-L/lusr/opt/gcc-11.1.0/lib/gcc/x86_64-pc-linux-gnu/11.1.0/../../../../lib64] ==> dir [/lusr/opt/gcc-11.1.0/lib/gcc/x86_64-pc-linux-gnu/11.1.0/../../../../lib64]
    arg [-L/lib/x86_64-linux-gnu] ==> dir [/lib/x86_64-linux-gnu]
    arg [-L/lib/../lib64] ==> dir [/lib/../lib64]
    arg [-L/usr/lib/x86_64-linux-gnu] ==> dir [/usr/lib/x86_64-linux-gnu]
    arg [-L/usr/lib/../lib64] ==> dir [/usr/lib/../lib64]
    arg [-L/lusr/opt/gcc-11.1.0/lib/gcc/x86_64-pc-linux-gnu/11.1.0/../../..] ==> dir [/lusr/opt/gcc-11.1.0/lib/gcc/x86_64-pc-linux-gnu/11.1.0/../../..]
    arg [CMakeFiles/cmTC_001a2.dir/CMakeCCompilerABI.c.o] ==> ignore
    arg [-lgcc] ==> lib [gcc]
    arg [--push-state] ==> ignore
    arg [--as-needed] ==> ignore
    arg [-lgcc_s] ==> lib [gcc_s]
    arg [--pop-state] ==> ignore
    arg [-lc] ==> lib [c]
    arg [-lgcc] ==> lib [gcc]
    arg [--push-state] ==> ignore
    arg [--as-needed] ==> ignore
    arg [-lgcc_s] ==> lib [gcc_s]
    arg [--pop-state] ==> ignore
    arg [/lusr/opt/gcc-11.1.0/lib/gcc/x86_64-pc-linux-gnu/11.1.0/crtend.o] ==> ignore
    arg [/lib/x86_64-linux-gnu/crtn.o] ==> ignore
  collapse library dir [/lusr/opt/gcc-11.1.0/lib/gcc/x86_64-pc-linux-gnu/11.1.0] ==> [/lusr/opt/gcc-11.1.0/lib/gcc/x86_64-pc-linux-gnu/11.1.0]
  collapse library dir [/lusr/opt/gcc-11.1.0/lib/gcc/x86_64-pc-linux-gnu/11.1.0/../../../../lib64] ==> [/lusr/opt/gcc-11.1.0/lib64]
  collapse library dir [/lib/x86_64-linux-gnu] ==> [/lib/x86_64-linux-gnu]
  collapse library dir [/lib/../lib64] ==> [/lib64]
  collapse library dir [/usr/lib/x86_64-linux-gnu] ==> [/usr/lib/x86_64-linux-gnu]
  collapse library dir [/usr/lib/../lib64] ==> [/usr/lib64]
  collapse library dir [/lusr/opt/gcc-11.1.0/lib/gcc/x86_64-pc-linux-gnu/11.1.0/../../..] ==> [/lusr/opt/gcc-11.1.0/lib]
  implicit libs: [gcc;gcc_s;c;gcc;gcc_s]
  implicit dirs: [/lusr/opt/gcc-11.1.0/lib/gcc/x86_64-pc-linux-gnu/11.1.0;/lusr/opt/gcc-11.1.0/lib64;/lib/x86_64-linux-gnu;/lib64;/usr/lib/x86_64-linux-gnu;/usr/lib64;/lusr/opt/gcc-11.1.0/lib]
  implicit fwks: []


Determining if the CXX compiler works passed with the following output:
Change Dir: /u/yangm/cs429/GarbageCollector/build/CMakeFiles/CMakeTmp

Run Build Command(s):/usr/bin/ninja cmTC_97e81 && [1/2] Building CXX object CMakeFiles/cmTC_97e81.dir/testCXXCompiler.cxx.o
[2/2] Linking CXX executable cmTC_97e81



Detecting CXX compiler ABI info compiled with the following output:
Change Dir: /u/yangm/cs429/GarbageCollector/build/CMakeFiles/CMakeTmp

Run Build Command(s):/usr/bin/ninja cmTC_0cfe2 && [1/2] Building CXX object CMakeFiles/cmTC_0cfe2.dir/CMakeCXXCompilerABI.cpp.o
Using built-in specs.
COLLECT_GCC=g++-11
Target: x86_64-pc-linux-gnu
Configured with: ./configure --prefix=/lusr/opt/gcc-11.1.0 --disable-multilib --enable-languages=c,c++,fortran,lto,objc --program-suffix=-11
Thread model: posix
Supported LTO compression algorithms: zlib
gcc version 11.1.0 (GCC) 
COLLECT_GCC_OPTIONS='-v' '-o' 'CMakeFiles/cmTC_0cfe2.dir/CMakeCXXCompilerABI.cpp.o' '-c' '-shared-libgcc' '-mtune=generic' '-march=x86-64' '-dumpdir' 'CMakeFiles/cmTC_0cfe2.dir/'
 /lusr/opt/gcc-11.1.0/libexec/gcc/x86_64-pc-linux-gnu/11.1.0/cc1plus -quiet -v -imultiarch x86_64-linux-gnu -D_GNU_SOURCE /usr/share/cmake-3.16/Modules/CMakeCXXCompilerABI.cpp -quiet -dumpdir CMakeFiles/cmTC_0cfe2.dir/ -dumpbase CMakeCXXCompilerABI.cpp.cpp -dumpbase-ext .cpp -mtune=generic -march=x86-64 -version -o /tmp/ccestDVi.s
GNU C++17 (GCC) version 11.1.0 (x86_64-pc-linux-gnu)
	compiled by GNU C version 11.1.0, GMP version 6.1.2, MPFR version 4.0.1, MPC version 1.1.0, isl version none
warning: GMP header version 6.1.2 differs from library version 6.2.0.
warning: MPFR header version 4.0.1 differs from library version 4.0.2.
GGC heuristics: --param ggc-min-expand=100 --param ggc-min-heapsize=131072
ignoring nonexistent directory "/usr/local/include/x86_64-linux-gnu"
ignoring nonexistent directory "/lusr/opt/gcc-11.1.0/lib/gcc/x86_64-pc-linux-gnu/11.1.0/../../../../x86_64-pc-linux-gnu/include"
#include "..." search starts here:
#include <...> search starts here:
 /lusr/opt/gcc-11.1.0/lib/gcc/x86_64-pc-linux-gnu/11.1.0/../../../../include/c++/11.1.0
 /lusr/opt/gcc-11.1.0/lib/gcc/x86_64-pc-linux-gnu/11.1.0/../../../../include/c++/11.1.0/x86_64-pc-linux-gnu
 /lusr/opt/gcc-11.1.0/lib/gcc/x86_64-pc-linux-gnu/11.1.0/../../../../include/c++/11.1.0/backward
 /lusr/opt/gcc-11.1.0/lib/gcc/x86_64-pc-linux-gnu/11.1.0/include
 /usr/local/include
 /lusr/opt/gcc-11.1.0/include
 /lusr/opt/gcc-11.1.0/lib/gcc/x86_64-pc-linux-gnu/11.1.0/include-fixed
 /usr/include/x86_64-linux-gnu
 /usr/include
End of search list.
GNU C++17 (GCC) version 11.1.0 (x86_64-pc-linux-gnu)
	compiled by GNU C version 11.1.0, GMP version 6.1.2, MPFR version 4.0.1, MPC version 1.1.0, isl version none
warning: GMP header version 6.1.2 differs from library version 6.2.0.
warning: MPFR header version 4.0.1 differs from library version 4.0.2.
GGC heuristics: --param ggc-min-expand=100 --param ggc-min-heapsize=131072
Compiler executable checksum: 42f349bbd69293920593e283f93c3cce
COLLECT_GCC_OPTIONS='-v' '-o' 'CMakeFiles/cmTC_0cfe2.dir/CMakeCXXCompilerABI.cpp.o' '-c' '-shared-libgcc' '-mtune=generic' '-march=x86-64' '-dumpdir' 'CMakeFiles/cmTC_0cfe2.dir/'
 as -v --64 -o CMakeFiles/cmTC_0cfe2.dir/CMakeCXXCompilerABI.cpp.o /tmp/ccestDVi.s
GNU assembler version 2.34 (x86_64-linux-gnu) using BFD version (GNU Binutils for Ubuntu) 2.34
COMPILER_PATH=/lusr/opt/gcc-11.1.0/libexec/gcc/x86_64-pc-linux-gnu/11.1.0/:/lusr/opt/gcc-11.1.0/libexec/gcc/x86_64-pc-linux-gnu/11.1.0/:/lusr/opt/gcc-11.1.0/libexec/gcc/x86_64-pc-linux-gnu/:/lusr/opt/gcc-11.1.0/lib/gcc/x86_64-pc-linux-gnu/11.1.0/:/lusr/opt/gcc-11.1.0/lib/gcc/x86_64-pc-linux-gnu/
LIBRARY_PATH=/lusr/opt/gcc-11.1.0/lib/gcc/x86_64-pc-linux-gnu/11.1.0/:/lusr/opt/gcc-11.1.0/lib/gcc/x86_64-pc-linux-gnu/11.1.0/../../../../lib64/:/lib/x86_64-linux-gnu/:/lib/../lib64/:/usr/lib/x86_64-linux-gnu/:/usr/lib/../lib64/:/lusr/opt/gcc-11.1.0/lib/gcc/x86_64-pc-linux-gnu/11.1.0/../../../:/lib/:/usr/lib/
COLLECT_GCC_OPTIONS='-v' '-o' 'CMakeFiles/cmTC_0cfe2.dir/CMakeCXXCompilerABI.cpp.o' '-c' '-shared-libgcc' '-mtune=generic' '-march=x86-64' '-dumpdir' 'CMakeFiles/cmTC_0cfe2.dir/CMakeCXXCompilerABI.cpp.'
[2/2] Linking CXX executable cmTC_0cfe2
Using built-in specs.
COLLECT_GCC=g++-11
COLLECT_LTO_WRAPPER=/lusr/opt/gcc-11.1.0/libexec/gcc/x86_64-pc-linux-gnu/11.1.0/lto-wrapper
Target: x86_64-pc-linux-gnu
Configured with: ./configure --prefix=/lusr/opt/gcc-11.1.0 --disable-multilib --enable-languages=c,c++,fortran,lto,objc --program-suffix=-11
Thread model: posix
Supported LTO compression algorithms: zlib
gcc version 11.1.0 (GCC) 
COMPILER_PATH=/lusr/opt/gcc-11.1.0/libexec/gcc/x86_64-pc-linux-gnu/11.1.0/:/lusr/opt/gcc-11.1.0/libexec/gcc/x86_64-pc-linux-gnu/11.1.0/:/lusr/opt/gcc-11.1.0/libexec/gcc/x86_64-pc-linux-gnu/:/lusr/opt/gcc-11.1.0/lib/gcc/x86_64-pc-linux-gnu/11.1.0/:/lusr/opt/gcc-11.1.0/lib/gcc/x86_64-pc-linux-gnu/
LIBRARY_PATH=/lusr/opt/gcc-11.1.0/lib/gcc/x86_64-pc-linux-gnu/11.1.0/:/lusr/opt/gcc-11.1.0/lib/gcc/x86_64-pc-linux-gnu/11.1.0/../../../../lib64/:/lib/x86_64-linux-gnu/:/lib/../lib64/:/usr/lib/x86_64-linux-gnu/:/usr/lib/../lib64/:/lusr/opt/gcc-11.1.0/lib/gcc/x86_64-pc-linux-gnu/11.1.0/../../../:/lib/:/usr/lib/
COLLECT_GCC_OPTIONS='-v' '-o' 'cmTC_0cfe2' '-shared-libgcc' '-mtune=generic' '-march=x86-64' '-dumpdir' 'cmTC_0cfe2.'
 /lusr/opt/gcc-11.1.0/libexec/gcc/x86_64-pc-linux-gnu/11.1.0/collect2 -plugin /lusr/opt/gcc-11.1.0/libexec/gcc/x86_64-pc-linux-gnu/11.1.0/liblto_plugin.so -plugin-opt=/lusr/opt/gcc-11.1.0/libexec/gcc/x86_64-pc-linux-gnu/11.1.0/lto-wrapper -plugin-opt=-fresolution=/tmp/ccXdnpAB.res -plugin-opt=-pass-through=-lgcc_s -plugin-opt=-pass-through=-lgcc -plugin-opt=-pass-through=-lc -plugin-opt=-pass-through=-lgcc_s -plugin-opt=-pass-through=-lgcc --eh-frame-hdr -m elf_x86_64 -dynamic-linker /lib64/ld-linux-x86-64.so.2 -o cmTC_0cfe2 /lib/x86_64-linux-gnu/crt1.o /lib/x86_64-linux-gnu/crti.o /lusr/opt/gcc-11.1.0/lib/gcc/x86_64-pc-linux-gnu/11.1.0/crtbegin.o -L/lusr/opt/gcc-11.1.0/lib/gcc/x86_64-pc-linux-gnu/11.1.0 -L/lusr/opt/gcc-11.1.0/lib/gcc/x86_64-pc-linux-gnu/11.1.0/../../../../lib64 -L/lib/x86_64-linux-gnu -L/lib/../lib64 -L/usr/lib/x86_64-linux-gnu -L/usr/lib/../lib64 -L/lusr/opt/gcc-11.1.0/lib/gcc/x86_64-pc-linux-gnu/11.1.0/../../.. CMakeFiles/cmTC_0cfe2.dir/CMakeCXXCompilerABI.cpp.o -lstdc++ -lm -lgcc_s -lgcc -lc -lgcc_s -lgcc /lusr/opt/gcc-11.1.0/lib/gcc/x86_64-pc-linux-gnu/11.1.0/crtend.o /lib/x86_64-linux-gnu/crtn.o
COLLECT_GCC_OPTIONS='-v' '-o' 'cmTC_0cfe2' '-shared-libgcc' '-mtune=generic' '-march=x86-64' '-dumpdir' 'cmTC_0cfe2.'



Parsed CXX implicit include dir info from above output: rv=done
  found start of include info
  found start of implicit include info
    add: [/lusr/opt/gcc-11.1.0/lib/gcc/x86_64-pc-linux-gnu/11.1.0/../../../../include/c++/11.1.0]
    add: [/lusr/opt/gcc-11.1.0/lib/gcc/x86_64-pc-linux-gnu/11.1.0/../../../../include/c++/11.1.0/x86_64-pc-linux-gnu]
    add: [/lusr/opt/gcc-11.1.0/lib/gcc/x86_64-pc-linux-gnu/11.1.0/../../../../include/c++/11.1.0/backward]
    add: [/lusr/opt/gcc-11.1.0/lib/gcc/x86_64-pc-linux-gnu/11.1.0/include]
    add: [/usr/local/include]
    add: [/lusr/opt/gcc-11.1.0/include]
    add: [/lusr/opt/gcc-11.1.0/lib/gcc/x86_64-pc-linux-gnu/11.1.0/include-fixed]
    add: [/usr/include/x86_64-linux-gnu]
    add: [/usr/include]
  end of search list found
  collapse include dir [/lusr/opt/gcc-11.1.0/lib/gcc/x86_64-pc-linux-gnu/11.1.0/../../../../include/c++/11.1.0] ==> [/lusr/opt/gcc-11.1.0/include/c++/11.1.0]
  collapse include dir [/lusr/opt/gcc-11.1.0/lib/gcc/x86_64-pc-linux-gnu/11.1.0/../../../../include/c++/11.1.0/x86_64-pc-linux-gnu] ==> [/lusr/opt/gcc-11.1.0/include/c++/11.1.0/x86_64-pc-linux-gnu]
  collapse include dir [/lusr/opt/gcc-11.1.0/lib/gcc/x86_64-pc-linux-gnu/11.1.0/../../../../include/c++/11.1.0/backward] ==> [/lusr/opt/gcc-11.1.0/include/c++/11.1.0/backward]
  collapse include dir [/lusr/opt/gcc-11.1.0/lib/gcc/x86_64-pc-linux-gnu/11.1.0/include] ==> [/lusr/opt/gcc-11.1.0/lib/gcc/x86_64-pc-linux-gnu/11.1.0/include]
  collapse include dir [/usr/local/include] ==> [/usr/local/include]
  collapse include dir [/lusr/opt/gcc-11.1.0/include] ==> [/lusr/opt/gcc-11.1.0/include]
  collapse include dir [/lusr/opt/gcc-11.1.0/lib/gcc/x86_64-pc-linux-gnu/11.1.0/include-fixed] ==> [/lusr/opt/gcc-11.1.0/lib/gcc/x86_64-pc-linux-gnu/11.1.0/include-fixed]
  collapse include dir [/usr/include/x86_64-linux-gnu] ==> [/usr/include/x86_64-linux-gnu]
  collapse include dir [/usr/include] ==> [/usr/include]
  implicit include dirs: [/lusr/opt/gcc-11.1.0/include/c++/11.1.0;/lusr/opt/gcc-11.1.0/include/c++/11.1.0/x86_64-pc-linux-gnu;/lusr/opt/gcc-11.1.0/include/c++/11.1.0/backward;/lusr/opt/gcc-11.1.0/lib/gcc/x86_64-pc-linux-gnu/11.1.0/include;/usr/local/include;/lusr/opt/gcc-11.1.0/include;/lusr/opt/gcc-11.1.0/lib/gcc/x86_64-pc-linux-gnu/11.1.0/include-fixed;/usr/include/x86_64-linux-gnu;/usr/include]


Parsed CXX implicit link information from above output:
  link line regex: [^( *|.*[/\])(ld|CMAKE_LINK_STARTFILE-NOTFOUND|([^/\]+-)?ld|collect2)[^/\]*( |$)]
  ignore line: [Change Dir: /u/yangm/cs429/GarbageCollector/build/CMakeFiles/CMakeTmp]
  ignore line: []
  ignore line: [Run Build Command(s):/usr/bin/ninja cmTC_0cfe2 && [1/2] Building CXX object CMakeFiles/cmTC_0cfe2.dir/CMakeCXXCompilerABI.cpp.o]
  ignore line: [Using built-in specs.]
  ignore line: [COLLECT_GCC=g++-11]
  ignore line: [Target: x86_64-pc-linux-gnu]
  ignore line: [Configured with: ./configure --prefix=/lusr/opt/gcc-11.1.0 --disable-multilib --enable-languages=c c++ fortran lto objc --program-suffix=-11]
  ignore line: [Thread model: posix]
  ignore line: [Supported LTO compression algorithms: zlib]
  ignore line: [gcc version 11.1.0 (GCC) ]
  ignore line: [COLLECT_GCC_OPTIONS='-v' '-o' 'CMakeFiles/cmTC_0cfe2.dir/CMakeCXXCompilerABI.cpp.o' '-c' '-shared-libgcc' '-mtune=generic' '-march=x86-64' '-dumpdir' 'CMakeFiles/cmTC_0cfe2.dir/']
  ignore line: [ /lusr/opt/gcc-11.1.0/libexec/gcc/x86_64-pc-linux-gnu/11.1.0/cc1plus -quiet -v -imultiarch x86_64-linux-gnu -D_GNU_SOURCE /usr/share/cmake-3.16/Modules/CMakeCXXCompilerABI.cpp -quiet -dumpdir CMakeFiles/cmTC_0cfe2.dir/ -dumpbase CMakeCXXCompilerABI.cpp.cpp -dumpbase-ext .cpp -mtune=generic -march=x86-64 -version -o /tmp/ccestDVi.s]
  ignore line: [GNU C++17 (GCC) version 11.1.0 (x86_64-pc-linux-gnu)]
  ignore line: [	compiled by GNU C version 11.1.0  GMP version 6.1.2  MPFR version 4.0.1  MPC version 1.1.0  isl version none]
  ignore line: [warning: GMP header version 6.1.2 differs from library version 6.2.0.]
  ignore line: [warning: MPFR header version 4.0.1 differs from library version 4.0.2.]
  ignore line: [GGC heuristics: --param ggc-min-expand=100 --param ggc-min-heapsize=131072]
  ignore line: [ignoring nonexistent directory "/usr/local/include/x86_64-linux-gnu"]
  ignore line: [ignoring nonexistent directory "/lusr/opt/gcc-11.1.0/lib/gcc/x86_64-pc-linux-gnu/11.1.0/../../../../x86_64-pc-linux-gnu/include"]
  ignore line: [#include "..." search starts here:]
  ignore line: [#include <...> search starts here:]
  ignore line: [ /lusr/opt/gcc-11.1.0/lib/gcc/x86_64-pc-linux-gnu/11.1.0/../../../../include/c++/11.1.0]
  ignore line: [ /lusr/opt/gcc-11.1.0/lib/gcc/x86_64-pc-linux-gnu/11.1.0/../../../../include/c++/11.1.0/x86_64-pc-linux-gnu]
  ignore line: [ /lusr/opt/gcc-11.1.0/lib/gcc/x86_64-pc-linux-gnu/11.1.0/../../../../include/c++/11.1.0/backward]
  ignore line: [ /lusr/opt/gcc-11.1.0/lib/gcc/x86_64-pc-linux-gnu/11.1.0/include]
  ignore line: [ /usr/local/include]
  ignore line: [ /lusr/opt/gcc-11.1.0/include]
  ignore line: [ /lusr/opt/gcc-11.1.0/lib/gcc/x86_64-pc-linux-gnu/11.1.0/include-fixed]
  ignore line: [ /usr/include/x86_64-linux-gnu]
  ignore line: [ /usr/include]
  ignore line: [End of search list.]
  ignore line: [GNU C++17 (GCC) version 11.1.0 (x86_64-pc-linux-gnu)]
  ignore line: [	compiled by GNU C version 11.1.0  GMP version 6.1.2  MPFR version 4.0.1  MPC version 1.1.0  isl version none]
  ignore line: [warning: GMP header version 6.1.2 differs from library version 6.2.0.]
  ignore line: [warning: MPFR header version 4.0.1 differs from library version 4.0.2.]
  ignore line: [GGC heuristics: --param ggc-min-expand=100 --param ggc-min-heapsize=131072]
  ignore line: [Compiler executable checksum: 42f349bbd69293920593e283f93c3cce]
  ignore line: [COLLECT_GCC_OPTIONS='-v' '-o' 'CMakeFiles/cmTC_0cfe2.dir/CMakeCXXCompilerABI.cpp.o' '-c' '-shared-libgcc' '-mtune=generic' '-march=x86-64' '-dumpdir' 'CMakeFiles/cmTC_0cfe2.dir/']
  ignore line: [ as -v --64 -o CMakeFiles/cmTC_0cfe2.dir/CMakeCXXCompilerABI.cpp.o /tmp/ccestDVi.s]
  ignore line: [GNU assembler version 2.34 (x86_64-linux-gnu) using BFD version (GNU Binutils for Ubuntu) 2.34]
  ignore line: [COMPILER_PATH=/lusr/opt/gcc-11.1.0/libexec/gcc/x86_64-pc-linux-gnu/11.1.0/:/lusr/opt/gcc-11.1.0/libexec/gcc/x86_64-pc-linux-gnu/11.1.0/:/lusr/opt/gcc-11.1.0/libexec/gcc/x86_64-pc-linux-gnu/:/lusr/opt/gcc-11.1.0/lib/gcc/x86_64-pc-linux-gnu/11.1.0/:/lusr/opt/gcc-11.1.0/lib/gcc/x86_64-pc-linux-gnu/]
  ignore line: [LIBRARY_PATH=/lusr/opt/gcc-11.1.0/lib/gcc/x86_64-pc-linux-gnu/11.1.0/:/lusr/opt/gcc-11.1.0/lib/gcc/x86_64-pc-linux-gnu/11.1.0/../../../../lib64/:/lib/x86_64-linux-gnu/:/lib/../lib64/:/usr/lib/x86_64-linux-gnu/:/usr/lib/../lib64/:/lusr/opt/gcc-11.1.0/lib/gcc/x86_64-pc-linux-gnu/11.1.0/../../../:/lib/:/usr/lib/]
  ignore line: [COLLECT_GCC_OPTIONS='-v' '-o' 'CMakeFiles/cmTC_0cfe2.dir/CMakeCXXCompilerABI.cpp.o' '-c' '-shared-libgcc' '-mtune=generic' '-march=x86-64' '-dumpdir' 'CMakeFiles/cmTC_0cfe2.dir/CMakeCXXCompilerABI.cpp.']
  ignore line: [[2/2] Linking CXX executable cmTC_0cfe2]
  ignore line: [Using built-in specs.]
  ignore line: [COLLECT_GCC=g++-11]
  ignore line: [COLLECT_LTO_WRAPPER=/lusr/opt/gcc-11.1.0/libexec/gcc/x86_64-pc-linux-gnu/11.1.0/lto-wrapper]
  ignore line: [Target: x86_64-pc-linux-gnu]
  ignore line: [Configured with: ./configure --prefix=/lusr/opt/gcc-11.1.0 --disable-multilib --enable-languages=c c++ fortran lto objc --program-suffix=-11]
  ignore line: [Thread model: posix]
  ignore line: [Supported LTO compression algorithms: zlib]
  ignore line: [gcc version 11.1.0 (GCC) ]
  ignore line: [COMPILER_PATH=/lusr/opt/gcc-11.1.0/libexec/gcc/x86_64-pc-linux-gnu/11.1.0/:/lusr/opt/gcc-11.1.0/libexec/gcc/x86_64-pc-linux-gnu/11.1.0/:/lusr/opt/gcc-11.1.0/libexec/gcc/x86_64-pc-linux-gnu/:/lusr/opt/gcc-11.1.0/lib/gcc/x86_64-pc-linux-gnu/11.1.0/:/lusr/opt/gcc-11.1.0/lib/gcc/x86_64-pc-linux-gnu/]
  ignore line: [LIBRARY_PATH=/lusr/opt/gcc-11.1.0/lib/gcc/x86_64-pc-linux-gnu/11.1.0/:/lusr/opt/gcc-11.1.0/lib/gcc/x86_64-pc-linux-gnu/11.1.0/../../../../lib64/:/lib/x86_64-linux-gnu/:/lib/../lib64/:/usr/lib/x86_64-linux-gnu/:/usr/lib/../lib64/:/lusr/opt/gcc-11.1.0/lib/gcc/x86_64-pc-linux-gnu/11.1.0/../../../:/lib/:/usr/lib/]
  ignore line: [COLLECT_GCC_OPTIONS='-v' '-o' 'cmTC_0cfe2' '-shared-libgcc' '-mtune=generic' '-march=x86-64' '-dumpdir' 'cmTC_0cfe2.']
  link line: [ /lusr/opt/gcc-11.1.0/libexec/gcc/x86_64-pc-linux-gnu/11.1.0/collect2 -plugin /lusr/opt/gcc-11.1.0/libexec/gcc/x86_64-pc-linux-gnu/11.1.0/liblto_plugin.so -plugin-opt=/lusr/opt/gcc-11.1.0/libexec/gcc/x86_64-pc-linux-gnu/11.1.0/lto-wrapper -plugin-opt=-fresolution=/tmp/ccXdnpAB.res -plugin-opt=-pass-through=-lgcc_s -plugin-opt=-pass-through=-lgcc -plugin-opt=-pass-through=-lc -plugin-opt=-pass-through=-lgcc_s -plugin-opt=-pass-through=-lgcc --eh-frame-hdr -m elf_x86_64 -dynamic-linker /lib64/ld-linux-x86-64.so.2 -o cmTC_0cfe2 /lib/x86_64-linux-gnu/crt1.o /lib/x86_64-linux-gnu/crti.o /lusr/opt/gcc-11.1.0/lib/gcc/x86_64-pc-linux-gnu/11.1.0/crtbegin.o -L/lusr/opt/gcc-11.1.0/lib/gcc/x86_64-pc-linux-gnu/11.1.0 -L/lusr/opt/gcc-11.1.0/lib/gcc/x86_64-pc-linux-gnu/11.1.0/../../../../lib64 -L/lib/x86_64-linux-gnu -L/lib/../lib64 -L/usr/lib/x86_64-linux-gnu -L/usr/lib/../lib64 -L/lusr/opt/gcc-11.1.0/lib/gcc/x86_64-pc-linux-gnu/11.1.0/../../.. CMakeFiles/cmTC_0cfe2.dir/CMakeCXXCompilerABI.cpp.o -lstdc++ -lm -lgcc_s -lgcc -lc -lgcc_s -lgcc /lusr/opt/gcc-11.1.0/lib/gcc/x86_64-pc-linux-gnu/11.1.0/crtend.o /lib/x86_64-linux-gnu/crtn.o]
    arg [/lusr/opt/gcc-11.1.0/libexec/gcc/x86_64-pc-linux-gnu/11.1.0/collect2] ==> ignore
    arg [-plugin] ==> ignore
    arg [/lusr/opt/gcc-11.1.0/libexec/gcc/x86_64-pc-linux-gnu/11.1.0/liblto_plugin.so] ==> ignore
    arg [-plugin-opt=/lusr/opt/gcc-11.1.0/libexec/gcc/x86_64-pc-linux-gnu/11.1.0/lto-wrapper] ==> ignore
    arg [-plugin-opt=-fresolution=/tmp/ccXdnpAB.res] ==> ignore
    arg [-plugin-opt=-pass-through=-lgcc_s] ==> ignore
    arg [-plugin-opt=-pass-through=-lgcc] ==> ignore
    arg [-plugin-opt=-pass-through=-lc] ==> ignore
    arg [-plugin-opt=-pass-through=-lgcc_s] ==> ignore
    arg [-plugin-opt=-pass-through=-lgcc] ==> ignore
    arg [--eh-frame-hdr] ==> ignore
    arg [-m] ==> ignore
    arg [elf_x86_64] ==> ignore
    arg [-dynamic-linker] ==> ignore
    arg [/lib64/ld-linux-x86-64.so.2] ==> ignore
    arg [-o] ==> ignore
    arg [cmTC_0cfe2] ==> ignore
    arg [/lib/x86_64-linux-gnu/crt1.o] ==> ignore
    arg [/lib/x86_64-linux-gnu/crti.o] ==> ignore
    arg [/lusr/opt/gcc-11.1.0/lib/gcc/x86_64-pc-linux-gnu/11.1.0/crtbegin.o] ==> ignore
    arg [-L/lusr/opt/gcc-11.1.0/lib/gcc/x86_64-pc-linux-gnu/11.1.0] ==> dir [/lusr/opt/gcc-11.1.0/lib/gcc/x86_64-pc-linux-gnu/11.1.0]
    arg [-L/lusr/opt/gcc-11.1.0/lib/gcc/x86_64-pc-linux-gnu/11.1.0/../../../../lib64] ==> dir [/lusr/opt/gcc-11.1.0/lib/gcc/x86_64-pc-linux-gnu/11.1.0/../../../../lib64]
    arg [-L/lib/x86_64-linux-gnu] ==> dir [/lib/x86_64-linux-gnu]
    arg [-L/lib/../lib64] ==> dir [/lib/../lib64]
    arg [-L/usr/lib/x86_64-linux-gnu] ==> dir [/usr/lib/x86_64-linux-gnu]
    arg [-L/usr/lib/../lib64] ==> dir [/usr/lib/../lib64]
    arg [-L/lusr/opt/gcc-11.1.0/lib/gcc/x86_64-pc-linux-gnu/11.1.0/../../..] ==> dir [/lusr/opt/gcc-11.1.0/lib/gcc/x86_64-pc-linux-gnu/11.1.0/../../..]
    arg [CMakeFiles/cmTC_0cfe2.dir/CMakeCXXCompilerABI.cpp.o] ==> ignore
    arg [-lstdc++] ==> lib [stdc++]
    arg [-lm] ==> lib [m]
    arg [-lgcc_s] ==> lib [gcc_s]
    arg [-lgcc] ==> lib [gcc]
    arg [-lc] ==> lib [c]
    arg [-lgcc_s] ==> lib [gcc_s]
    arg [-lgcc] ==> lib [gcc]
    arg [/lusr/opt/gcc-11.1.0/lib/gcc/x86_64-pc-linux-gnu/11.1.0/crtend.o] ==> ignore
    arg [/lib/x86_64-linux-gnu/crtn.o] ==> ignore
  collapse library dir [/lusr/opt/gcc-11.1.0/lib/gcc/x86_64-pc-linux-gnu/11.1.0] ==> [/lusr/opt/gcc-11.1.0/lib/gcc/x86_64-pc-linux-gnu/11.1.0]
  collapse library dir [/lusr/opt/gcc-11.1.0/lib/gcc/x86_64-pc-linux-gnu/11.1.0/../../../../lib64] ==> [/lusr/opt/gcc-11.1.0/lib64]
  collapse library dir [/lib/x86_64-linux-gnu] ==> [/lib/x86_64-linux-gnu]
  collapse library dir [/lib/../lib64] ==> [/lib64]
  collapse library dir [/usr/lib/x86_64-linux-gnu] ==> [/usr/lib/x86_64-linux-gnu]
  collapse library dir [/usr/lib/../lib64] ==> [/usr/lib64]
  collapse library dir [/lusr/opt/gcc-11.1.0/lib/gcc/x86_64-pc-linux-gnu/11.1.0/../../..] ==> [/lusr/opt/gcc-11.1.0/lib]
  implicit libs: [stdc++;m;gcc_s;gcc;c;gcc_s;gcc]
  implicit dirs: [/lusr/opt/gcc-11.1.0/lib/gcc/x86_64-pc-linux-gnu/11.1.0;/lusr/opt/gcc-11.1.0/lib64;/lib/x86_64-linux-gnu;/lib64;/usr/lib/x86_64-linux-gnu;/usr/lib64;/lusr/opt/gcc-11.1.0/lib]
  implicit fwks: []


